[2017-06-09 12:33:02] local.ERROR: exception 'PDOException' with message 'SQLSTATE[HY000] [1049] Unknown database 'ecomps_210417'' in E:\xampp\htdocs\ecomps\vendor\laravel\framework\src\Illuminate\Database\Connectors\Connector.php:119
Stack trace:
#0 E:\xampp\htdocs\ecomps\vendor\laravel\framework\src\Illuminate\Database\Connectors\Connector.php(119): PDO->__construct('mysql:host=127....', 'root', '', Array)
#1 E:\xampp\htdocs\ecomps\vendor\laravel\framework\src\Illuminate\Database\Connectors\Connector.php(56): Illuminate\Database\Connectors\Connector->createPdoConnection('mysql:host=127....', 'root', '', Array)
#2 E:\xampp\htdocs\ecomps\vendor\laravel\framework\src\Illuminate\Database\Connectors\MySqlConnector.php(24): Illuminate\Database\Connectors\Connector->createConnection('mysql:host=127....', Array, Array)
#3 E:\xampp\htdocs\ecomps\vendor\laravel\framework\src\Illuminate\Database\Connectors\ConnectionFactory.php(126): Illuminate\Database\Connectors\MySqlConnector->connect(Array)
#4 [internal function]: Illuminate\Database\Connectors\ConnectionFactory->Illuminate\Database\Connectors\{closure}()
#5 E:\xampp\htdocs\ecomps\vendor\laravel\framework\src\Illuminate\Database\Connection.php(965): call_user_func(Object(Closure))
#6 E:\xampp\htdocs\ecomps\vendor\laravel\framework\src\Illuminate\Database\Connection.php(986): Illuminate\Database\Connection->getPdo()
#7 E:\xampp\htdocs\ecomps\vendor\laravel\framework\src\Illuminate\Database\Connection.php(423): Illuminate\Database\Connection->getReadPdo()
#8 E:\xampp\htdocs\ecomps\vendor\laravel\framework\src\Illuminate\Database\Connection.php(333): Illuminate\Database\Connection->getPdoForSelect(true)
#9 E:\xampp\htdocs\ecomps\vendor\laravel\framework\src\Illuminate\Database\Connection.php(763): Illuminate\Database\Connection->Illuminate\Database\{closure}(Object(Illuminate\Database\MySqlConnection), 'select * from `...', Array)
#10 E:\xampp\htdocs\ecomps\vendor\laravel\framework\src\Illuminate\Database\Connection.php(726): Illuminate\Database\Connection->runQueryCallback('select * from `...', Array, Object(Closure))
#11 E:\xampp\htdocs\ecomps\vendor\laravel\framework\src\Illuminate\Database\Connection.php(351): Illuminate\Database\Connection->run('select * from `...', Array, Object(Closure))
#12 E:\xampp\htdocs\ecomps\vendor\laravel\framework\src\Illuminate\Database\Query\Builder.php(1648): Illuminate\Database\Connection->select('select * from `...', Array, true)
#13 E:\xampp\htdocs\ecomps\vendor\laravel\framework\src\Illuminate\Database\Query\Builder.php(1634): Illuminate\Database\Query\Builder->runSelect()
#14 E:\xampp\htdocs\ecomps\app\Providers\AppServiceProvider.php(17): Illuminate\Database\Query\Builder->get()
#15 [internal function]: App\Providers\AppServiceProvider->boot()
#16 E:\xampp\htdocs\ecomps\vendor\laravel\framework\src\Illuminate\Container\Container.php(508): call_user_func_array(Array, Array)
#17 E:\xampp\htdocs\ecomps\vendor\laravel\framework\src\Illuminate\Foundation\Application.php(769): Illuminate\Container\Container->call(Array)
#18 E:\xampp\htdocs\ecomps\vendor\laravel\framework\src\Illuminate\Foundation\Application.php(752): Illuminate\Foundation\Application->bootProvider(Object(App\Providers\AppServiceProvider))
#19 [internal function]: Illuminate\Foundation\Application->Illuminate\Foundation\{closure}(Object(App\Providers\AppServiceProvider), 12)
#20 E:\xampp\htdocs\ecomps\vendor\laravel\framework\src\Illuminate\Foundation\Application.php(753): array_walk(Array, Object(Closure))
#21 E:\xampp\htdocs\ecomps\vendor\laravel\framework\src\Illuminate\Foundation\Bootstrap\BootProviders.php(17): Illuminate\Foundation\Application->boot()
#22 E:\xampp\htdocs\ecomps\vendor\laravel\framework\src\Illuminate\Foundation\Application.php(203): Illuminate\Foundation\Bootstrap\BootProviders->bootstrap(Object(Illuminate\Foundation\Application))
#23 E:\xampp\htdocs\ecomps\vendor\laravel\framework\src\Illuminate\Foundation\Http\Kernel.php(254): Illuminate\Foundation\Application->bootstrapWith(Array)
#24 E:\xampp\htdocs\ecomps\vendor\laravel\framework\src\Illuminate\Foundation\Http\Kernel.php(145): Illuminate\Foundation\Http\Kernel->bootstrap()
#25 E:\xampp\htdocs\ecomps\vendor\laravel\framework\src\Illuminate\Foundation\Http\Kernel.php(117): Illuminate\Foundation\Http\Kernel->sendRequestThroughRouter(Object(Illuminate\Http\Request))
#26 E:\xampp\htdocs\ecomps\public\index.php(54): Illuminate\Foundation\Http\Kernel->handle(Object(Illuminate\Http\Request))
#27 E:\xampp\htdocs\ecomps\index.php(21): require_once('E:\\xampp\\htdocs...')
#28 {main}  
[2017-06-09 12:33:02] local.ERROR: exception 'PDOException' with message 'SQLSTATE[HY000] [1049] Unknown database 'ecomps_210417'' in E:\xampp\htdocs\ecomps\vendor\laravel\framework\src\Illuminate\Database\Connectors\Connector.php:119
Stack trace:
#0 E:\xampp\htdocs\ecomps\vendor\laravel\framework\src\Illuminate\Database\Connectors\Connector.php(119): PDO->__construct('mysql:host=127....', 'root', '', Array)
#1 E:\xampp\htdocs\ecomps\vendor\laravel\framework\src\Illuminate\Database\Connectors\Connector.php(56): Illuminate\Database\Connectors\Connector->createPdoConnection('mysql:host=127....', 'root', '', Array)
#2 E:\xampp\htdocs\ecomps\vendor\laravel\framework\src\Illuminate\Database\Connectors\MySqlConnector.php(24): Illuminate\Database\Connectors\Connector->createConnection('mysql:host=127....', Array, Array)
#3 E:\xampp\htdocs\ecomps\vendor\laravel\framework\src\Illuminate\Database\Connectors\ConnectionFactory.php(126): Illuminate\Database\Connectors\MySqlConnector->connect(Array)
#4 [internal function]: Illuminate\Database\Connectors\ConnectionFactory->Illuminate\Database\Connectors\{closure}()
#5 E:\xampp\htdocs\ecomps\vendor\laravel\framework\src\Illuminate\Database\Connection.php(965): call_user_func(Object(Closure))
#6 E:\xampp\htdocs\ecomps\vendor\laravel\framework\src\Illuminate\Database\Connection.php(986): Illuminate\Database\Connection->getPdo()
#7 E:\xampp\htdocs\ecomps\vendor\laravel\framework\src\Illuminate\Database\Connection.php(423): Illuminate\Database\Connection->getReadPdo()
#8 E:\xampp\htdocs\ecomps\vendor\laravel\framework\src\Illuminate\Database\Connection.php(333): Illuminate\Database\Connection->getPdoForSelect(true)
#9 E:\xampp\htdocs\ecomps\vendor\laravel\framework\src\Illuminate\Database\Connection.php(763): Illuminate\Database\Connection->Illuminate\Database\{closure}(Object(Illuminate\Database\MySqlConnection), 'select * from `...', Array)
#10 E:\xampp\htdocs\ecomps\vendor\laravel\framework\src\Illuminate\Database\Connection.php(726): Illuminate\Database\Connection->runQueryCallback('select * from `...', Array, Object(Closure))
#11 E:\xampp\htdocs\ecomps\vendor\laravel\framework\src\Illuminate\Database\Connection.php(351): Illuminate\Database\Connection->run('select * from `...', Array, Object(Closure))
#12 E:\xampp\htdocs\ecomps\vendor\laravel\framework\src\Illuminate\Database\Query\Builder.php(1648): Illuminate\Database\Connection->select('select * from `...', Array, true)
#13 E:\xampp\htdocs\ecomps\vendor\laravel\framework\src\Illuminate\Database\Query\Builder.php(1634): Illuminate\Database\Query\Builder->runSelect()
#14 E:\xampp\htdocs\ecomps\app\Providers\AppServiceProvider.php(17): Illuminate\Database\Query\Builder->get()
#15 [internal function]: App\Providers\AppServiceProvider->boot()
#16 E:\xampp\htdocs\ecomps\vendor\laravel\framework\src\Illuminate\Container\Container.php(508): call_user_func_array(Array, Array)
#17 E:\xampp\htdocs\ecomps\vendor\laravel\framework\src\Illuminate\Foundation\Application.php(769): Illuminate\Container\Container->call(Array)
#18 E:\xampp\htdocs\ecomps\vendor\laravel\framework\src\Illuminate\Foundation\Application.php(752): Illuminate\Foundation\Application->bootProvider(Object(App\Providers\AppServiceProvider))
#19 [internal function]: Illuminate\Foundation\Application->Illuminate\Foundation\{closure}(Object(App\Providers\AppServiceProvider), 12)
#20 E:\xampp\htdocs\ecomps\vendor\laravel\framework\src\Illuminate\Foundation\Application.php(753): array_walk(Array, Object(Closure))
#21 E:\xampp\htdocs\ecomps\vendor\laravel\framework\src\Illuminate\Foundation\Bootstrap\BootProviders.php(17): Illuminate\Foundation\Application->boot()
#22 E:\xampp\htdocs\ecomps\vendor\laravel\framework\src\Illuminate\Foundation\Application.php(203): Illuminate\Foundation\Bootstrap\BootProviders->bootstrap(Object(Illuminate\Foundation\Application))
#23 E:\xampp\htdocs\ecomps\vendor\laravel\framework\src\Illuminate\Foundation\Http\Kernel.php(254): Illuminate\Foundation\Application->bootstrapWith(Array)
#24 E:\xampp\htdocs\ecomps\vendor\laravel\framework\src\Illuminate\Foundation\Http\Kernel.php(145): Illuminate\Foundation\Http\Kernel->bootstrap()
#25 E:\xampp\htdocs\ecomps\vendor\laravel\framework\src\Illuminate\Foundation\Http\Kernel.php(117): Illuminate\Foundation\Http\Kernel->sendRequestThroughRouter(Object(Illuminate\Http\Request))
#26 E:\xampp\htdocs\ecomps\public\index.php(54): Illuminate\Foundation\Http\Kernel->handle(Object(Illuminate\Http\Request))
#27 E:\xampp\htdocs\ecomps\index.php(21): require_once('E:\\xampp\\htdocs...')
#28 {main}

Next exception 'Illuminate\Database\QueryException' with message 'SQLSTATE[HY000] [1049] Unknown database 'ecomps_210417' (SQL: select * from `appsettings` where `id` = 3)' in E:\xampp\htdocs\ecomps\vendor\laravel\framework\src\Illuminate\Database\Connection.php:770
Stack trace:
#0 E:\xampp\htdocs\ecomps\vendor\laravel\framework\src\Illuminate\Database\Connection.php(726): Illuminate\Database\Connection->runQueryCallback('select * from `...', Array, Object(Closure))
#1 E:\xampp\htdocs\ecomps\vendor\laravel\framework\src\Illuminate\Database\Connection.php(351): Illuminate\Database\Connection->run('select * from `...', Array, Object(Closure))
#2 E:\xampp\htdocs\ecomps\vendor\laravel\framework\src\Illuminate\Database\Query\Builder.php(1648): Illuminate\Database\Connection->select('select * from `...', Array, true)
#3 E:\xampp\htdocs\ecomps\vendor\laravel\framework\src\Illuminate\Database\Query\Builder.php(1634): Illuminate\Database\Query\Builder->runSelect()
#4 E:\xampp\htdocs\ecomps\app\Providers\AppServiceProvider.php(17): Illuminate\Database\Query\Builder->get()
#5 [internal function]: App\Providers\AppServiceProvider->boot()
#6 E:\xampp\htdocs\ecomps\vendor\laravel\framework\src\Illuminate\Container\Container.php(508): call_user_func_array(Array, Array)
#7 E:\xampp\htdocs\ecomps\vendor\laravel\framework\src\Illuminate\Foundation\Application.php(769): Illuminate\Container\Container->call(Array)
#8 E:\xampp\htdocs\ecomps\vendor\laravel\framework\src\Illuminate\Foundation\Application.php(752): Illuminate\Foundation\Application->bootProvider(Object(App\Providers\AppServiceProvider))
#9 [internal function]: Illuminate\Foundation\Application->Illuminate\Foundation\{closure}(Object(App\Providers\AppServiceProvider), 12)
#10 E:\xampp\htdocs\ecomps\vendor\laravel\framework\src\Illuminate\Foundation\Application.php(753): array_walk(Array, Object(Closure))
#11 E:\xampp\htdocs\ecomps\vendor\laravel\framework\src\Illuminate\Foundation\Bootstrap\BootProviders.php(17): Illuminate\Foundation\Application->boot()
#12 E:\xampp\htdocs\ecomps\vendor\laravel\framework\src\Illuminate\Foundation\Application.php(203): Illuminate\Foundation\Bootstrap\BootProviders->bootstrap(Object(Illuminate\Foundation\Application))
#13 E:\xampp\htdocs\ecomps\vendor\laravel\framework\src\Illuminate\Foundation\Http\Kernel.php(254): Illuminate\Foundation\Application->bootstrapWith(Array)
#14 E:\xampp\htdocs\ecomps\vendor\laravel\framework\src\Illuminate\Foundation\Http\Kernel.php(145): Illuminate\Foundation\Http\Kernel->bootstrap()
#15 E:\xampp\htdocs\ecomps\vendor\laravel\framework\src\Illuminate\Foundation\Http\Kernel.php(117): Illuminate\Foundation\Http\Kernel->sendRequestThroughRouter(Object(Illuminate\Http\Request))
#16 E:\xampp\htdocs\ecomps\public\index.php(54): Illuminate\Foundation\Http\Kernel->handle(Object(Illuminate\Http\Request))
#17 E:\xampp\htdocs\ecomps\index.php(21): require_once('E:\\xampp\\htdocs...')
#18 {main}  
